<?xml version="1.0" encoding="UTF-8"?>
<!-- Generated by org.testng.reporters.JUnitReportReporter -->
<testsuite skipped="0" hostname="Web-PC" name="demoIE.testCasesIE" tests="3" failures="0" timestamp="01 Aug 2019 10:25:48 GMT" time="420.611" errors="0">
  <testcase name="testCase1_SubmitFormWithoutFillingDetailAndRequiredLabelShouldPrintOnConsole" time="11.984" classname="demoIE.testCasesIE"/>
  <testcase name="testCase2_VerifyImageUploadFunctionality" time="21.050" classname="demoIE.testCasesIE"/>
  <testcase name="testcase3_SubmitFormAfterFillingAllDetailsProperly" time="387.577" classname="demoIE.testCasesIE"/>
</testsuite> <!-- demoIE.testCasesIE -->
